I, [2020-02-10T22:31:14.771054 #430940]  INFO -- Kitchen: -----> Starting Test Kitchen (v2.3.4)
I, [2020-02-10T22:31:16.665716 #430940]  INFO -- Kitchen: -----> Cleaning up any prior instances of <testred-centos-8>
I, [2020-02-10T22:31:16.665943 #430940]  INFO -- Kitchen: -----> Destroying <testred-centos-8>...
I, [2020-02-10T22:31:16.666767 #430940]  INFO -- Kitchen: -----> Testing <testred-centos-8>
I, [2020-02-10T22:31:16.666865 #430940]  INFO -- Kitchen: -----> Creating <testred-centos-8>...
I, [2020-02-10T22:32:10.978739 #430940]  INFO -- Kitchen: -----> Converging <testred-centos-8>...
I, [2020-02-10T22:33:01.854663 #430940]  INFO -- Kitchen: -----> Setting up <testred-centos-8>...
I, [2020-02-10T22:33:01.855506 #430940]  INFO -- Kitchen: -----> Verifying <testred-centos-8>...
I, [2020-02-10T22:33:03.436068 #430940]  INFO -- Kitchen: -----> Destroying <testred-centos-8>...
I, [2020-02-10T22:33:07.595651 #430940]  INFO -- Kitchen: -----> Cleaning up any prior instances of <laptopnas-centos-8>
I, [2020-02-10T22:33:07.595780 #430940]  INFO -- Kitchen: -----> Destroying <laptopnas-centos-8>...
I, [2020-02-10T22:33:07.596198 #430940]  INFO -- Kitchen: -----> Testing <laptopnas-centos-8>
I, [2020-02-10T22:33:07.596312 #430940]  INFO -- Kitchen: -----> Creating <laptopnas-centos-8>...
I, [2020-02-10T22:34:03.156331 #430940]  INFO -- Kitchen: -----> Converging <laptopnas-centos-8>...
I, [2020-02-10T22:34:56.622366 #430940]  INFO -- Kitchen: -----> Setting up <laptopnas-centos-8>...
I, [2020-02-10T22:34:56.623304 #430940]  INFO -- Kitchen: -----> Verifying <laptopnas-centos-8>...
I, [2020-02-10T22:34:58.495468 #430940]  INFO -- Kitchen: -----> Destroying <laptopnas-centos-8>...
I, [2020-02-10T22:35:02.713807 #430940]  INFO -- Kitchen: -----> Cleaning up any prior instances of <primary-centos-8>
I, [2020-02-10T22:35:02.713947 #430940]  INFO -- Kitchen: -----> Destroying <primary-centos-8>...
I, [2020-02-10T22:35:02.714501 #430940]  INFO -- Kitchen: -----> Testing <primary-centos-8>
I, [2020-02-10T22:35:02.714605 #430940]  INFO -- Kitchen: -----> Creating <primary-centos-8>...
I, [2020-02-10T22:35:57.476265 #430940]  INFO -- Kitchen: -----> Converging <primary-centos-8>...
I, [2020-02-10T22:36:52.605264 #430940]  INFO -- Kitchen: -----> Setting up <primary-centos-8>...
I, [2020-02-10T22:36:52.609439 #430940]  INFO -- Kitchen: -----> Verifying <primary-centos-8>...
I, [2020-02-10T22:36:54.456845 #430940]  INFO -- Kitchen: -----> Destroying <primary-centos-8>...
I, [2020-02-10T22:36:58.998464 #430940]  INFO -- Kitchen: -----> Cleaning up any prior instances of <auxillary-centos-8>
I, [2020-02-10T22:36:58.998579 #430940]  INFO -- Kitchen: -----> Destroying <auxillary-centos-8>...
I, [2020-02-10T22:36:58.999013 #430940]  INFO -- Kitchen: -----> Testing <auxillary-centos-8>
I, [2020-02-10T22:36:58.999098 #430940]  INFO -- Kitchen: -----> Creating <auxillary-centos-8>...
I, [2020-02-10T22:37:54.664969 #430940]  INFO -- Kitchen: -----> Converging <auxillary-centos-8>...
I, [2020-02-10T22:38:51.437073 #430940]  INFO -- Kitchen: -----> Setting up <auxillary-centos-8>...
I, [2020-02-10T22:38:51.449190 #430940]  INFO -- Kitchen: -----> Verifying <auxillary-centos-8>...
I, [2020-02-10T22:38:53.090105 #430940]  INFO -- Kitchen: -----> Destroying <auxillary-centos-8>...
I, [2020-02-10T22:38:57.161268 #430940]  INFO -- Kitchen: -----> Test Kitchen is finished. (7m42.39s)
